2010-04-13 19:18:42 Notice: Notice (1024): Please change the value of 'Security.salt' in app/config/core.php to a salt value specific to your application in [CORE/cake/libs/debugger.php, line 549]
2010-04-13 19:21:32 Notice: Notice (1024): Please change the value of 'Security.salt' in app/config/core.php to a salt value specific to your application in [CORE/cake/libs/debugger.php, line 549]
2010-04-13 19:26:20 Notice: Notice (1024): Please change the value of 'Security.salt' in app/config/core.php to a salt value specific to your application in [CORE/cake/libs/debugger.php, line 549]
2010-04-13 19:26:41 Notice: Notice (1024): Please change the value of 'Security.salt' in app/config/core.php to a salt value specific to your application in [CORE/cake/libs/debugger.php, line 549]
2010-04-13 19:32:41 Notice: Notice (8): Undefined index: password in [APP/controllers/users_controller.php, line 18]
2010-04-13 19:32:41 Notice: Notice (8): Undefined index: confirm_password in [APP/controllers/users_controller.php, line 18]
2010-04-13 19:34:28 Notice: Notice (1024): Please change the value of 'Security.salt' in app/config/core.php to a salt value specific to your application in [CORE/cake/libs/debugger.php, line 549]
2010-04-13 19:44:48 Notice: Notice (8): Undefined variable: session_username in [APP/views/levels/view.ctp, line 1]
2010-04-13 19:45:03 Notice: Notice (8): Undefined variable: uid in [APP/controllers/levels_controller.php, line 16]
2010-04-13 19:47:26 Notice: Notice (8): Undefined variable: uid in [APP/controllers/levels_controller.php, line 16]
2010-04-13 19:47:58 Notice: Notice (8): Undefined variable: uid in [APP/controllers/levels_controller.php, line 16]
2010-04-13 19:48:08 Notice: Notice (8): Undefined variable: uid in [APP/controllers/levels_controller.php, line 16]
2010-04-13 19:49:48 Notice: Notice (1024): Please change the value of 'Security.salt' in app/config/core.php to a salt value specific to your application in [CORE/cake/libs/debugger.php, line 549]
2010-04-13 19:53:03 Notice: Notice (1024): Please change the value of 'Security.salt' in app/config/core.php to a salt value specific to your application in [CORE/cake/libs/debugger.php, line 549]
2010-04-13 19:53:15 Notice: Notice (8): Undefined variable: uid in [APP/controllers/levels_controller.php, line 16]
2010-04-13 20:07:16 Notice: Notice (8): Undefined index: url in [APP/controllers/levels_controller.php, line 10]
2010-04-13 20:07:16 Notice: Notice (8): Undefined index: url in [APP/controllers/levels_controller.php, line 14]
2010-04-13 20:07:29 Notice: Notice (8): Undefined index: url in [APP/controllers/levels_controller.php, line 10]
2010-04-13 20:07:29 Notice: Notice (8): Undefined index: url in [APP/controllers/levels_controller.php, line 14]
2010-04-13 21:46:14 Notice: Notice (8): Undefined index: type in [APP/controllers/levels_controller.php, line 25]
2010-04-13 21:46:14 Notice: Notice (8): Undefined index: name in [APP/controllers/levels_controller.php, line 26]
2010-04-13 21:46:21 Notice: Notice (8): Undefined index: type in [APP/controllers/levels_controller.php, line 25]
2010-04-13 21:46:21 Notice: Notice (8): Undefined index: name in [APP/controllers/levels_controller.php, line 26]
